TN:
SF:src\providers\mappers\bim360.mapper.ts
FN:18,mapBim360FileToCdeFile
FNF:1
FNH:1
FNDA:6,mapBim360FileToCdeFile
DA:18,2
DA:19,6
LF:2
LH:2
BRF:0
BRH:0
end_of_record
TN:
SF:src\providers\mappers\procore.mapper.ts
FN:16,mapProcoreFileToCdeFile
FNF:1
FNH:1
FNDA:6,mapProcoreFileToCdeFile
DA:16,2
DA:17,6
LF:2
LH:2
BRF:0
BRH:0
end_of_record
TN:
SF:src\services\AggregationService.ts
FN:9,(anonymous_0)
FN:14,(anonymous_1)
FN:25,(anonymous_2)
FN:29,(anonymous_3)
FN:37,(anonymous_4)
FN:49,(anonymous_5)
FNF:6
FNH:6
FNDA:1,(anonymous_0)
FNDA:2,(anonymous_1)
FNDA:2,(anonymous_2)
FNDA:10,(anonymous_3)
FNDA:10,(anonymous_4)
FNDA:20,(anonymous_5)
DA:1,1
DA:3,1
DA:4,1
DA:5,1
DA:6,1
DA:8,1
DA:14,1
DA:15,2
DA:17,2
DA:18,2
DA:21,1
DA:24,1
DA:25,1
DA:26,2
DA:27,2
DA:28,2
DA:29,2
DA:30,10
DA:31,5
DA:33,5
DA:34,5
DA:36,0
DA:37,10
DA:39,2
DA:41,0
DA:46,1
DA:49,20
DA:51,1
LF:28
LH:26
BRDA:17,0,0,1
BRDA:17,0,1,1
BRDA:18,1,0,2
BRDA:18,1,1,0
BRDA:26,2,0,2
BRDA:26,2,1,0
BRDA:30,3,0,5
BRDA:33,4,0,5
BRF:8
BRH:6
end_of_record
TN:
SF:src\utils\duplicateResolver.ts
FN:13,resolveDuplicates
FNF:1
FNH:1
FNDA:5,resolveDuplicates
DA:13,2
DA:14,5
DA:16,5
DA:17,17
DA:18,17
DA:20,17
DA:21,16
DA:25,5
LF:8
LH:8
BRDA:20,0,0,16
BRDA:20,1,0,17
BRDA:20,1,1,3
BRF:3
BRH:3
end_of_record
